{"C:\\Users\\Giovani\\Desktop\\nodejs apps\\search-lib\\data-search\\src\\main\\dataSet\\create.js": {"path":"C:\\Users\\Giovani\\Desktop\\nodejs apps\\search-lib\\data-search\\src\\main\\dataSet\\create.js","statementMap":{"0":{"start":{"line":3,"column":19},"end":{"line":11,"column":1}},"1":{"start":{"line":6,"column":8},"end":{"line":6,"column":26}},"2":{"start":{"line":9,"column":8},"end":{"line":9,"column":26}},"3":{"start":{"line":13,"column":26},"end":{"line":21,"column":1}},"4":{"start":{"line":16,"column":8},"end":{"line":16,"column":26}},"5":{"start":{"line":19,"column":8},"end":{"line":19,"column":48}},"6":{"start":{"line":24,"column":4},"end":{"line":24,"column":18}},"7":{"start":{"line":25,"column":4},"end":{"line":27,"column":7}},"8":{"start":{"line":26,"column":8},"end":{"line":26,"column":61}},"9":{"start":{"line":28,"column":4},"end":{"line":28,"column":24}},"10":{"start":{"line":29,"column":4},"end":{"line":29,"column":18}},"11":{"start":{"line":30,"column":4},"end":{"line":30,"column":15}}},"fnMap":{"0":{"name":"(anonymous_0)","decl":{"start":{"line":5,"column":4},"end":{"line":5,"column":5}},"loc":{"start":{"line":5,"column":15},"end":{"line":7,"column":5}},"line":5},"1":{"name":"(anonymous_1)","decl":{"start":{"line":8,"column":4},"end":{"line":8,"column":5}},"loc":{"start":{"line":8,"column":19},"end":{"line":10,"column":5}},"line":8},"2":{"name":"(anonymous_2)","decl":{"start":{"line":15,"column":4},"end":{"line":15,"column":5}},"loc":{"start":{"line":15,"column":15},"end":{"line":17,"column":5}},"line":15},"3":{"name":"(anonymous_3)","decl":{"start":{"line":18,"column":4},"end":{"line":18,"column":5}},"loc":{"start":{"line":18,"column":19},"end":{"line":20,"column":5}},"line":18},"4":{"name":"create","decl":{"start":{"line":23,"column":16},"end":{"line":23,"column":22}},"loc":{"start":{"line":23,"column":50},"end":{"line":31,"column":1}},"line":23},"5":{"name":"(anonymous_5)","decl":{"start":{"line":25,"column":29},"end":{"line":25,"column":30}},"loc":{"start":{"line":25,"column":44},"end":{"line":27,"column":5}},"line":25}},"branchMap":{"0":{"loc":{"start":{"line":19,"column":21},"end":{"line":19,"column":47}},"type":"cond-expr","locations":[{"start":{"line":19,"column":30},"end":{"line":19,"column":34}},{"start":{"line":19,"column":37},"end":{"line":19,"column":47}}],"line":19}},"s":{"0":1,"1":37,"2":8,"3":1,"4":9,"5":4,"6":8,"7":8,"8":40,"9":8,"10":8,"11":8},"f":{"0":37,"1":8,"2":9,"3":4,"4":8,"5":40},"b":{"0":[3,1]},"_coverageSchema":"1a1c01bbd47fc00a2c39e90264f33305004495a9","hash":"93985dc54375b0a9bd9dda572a66db2e615edd62"}
,"C:\\Users\\Giovani\\Desktop\\nodejs apps\\search-lib\\data-search\\src\\main\\dataSet\\getValuesFromTypes.js": {"path":"C:\\Users\\Giovani\\Desktop\\nodejs apps\\search-lib\\data-search\\src\\main\\dataSet\\getValuesFromTypes.js","statementMap":{"0":{"start":{"line":8,"column":4},"end":{"line":25,"column":6}},"1":{"start":{"line":9,"column":8},"end":{"line":24,"column":9}},"2":{"start":{"line":10,"column":12},"end":{"line":10,"column":35}},"3":{"start":{"line":11,"column":12},"end":{"line":11,"column":63}},"4":{"start":{"line":12,"column":15},"end":{"line":24,"column":9}},"5":{"start":{"line":13,"column":12},"end":{"line":15,"column":15}},"6":{"start":{"line":14,"column":16},"end":{"line":14,"column":72}},"7":{"start":{"line":16,"column":15},"end":{"line":24,"column":9}},"8":{"start":{"line":18,"column":12},"end":{"line":23,"column":14}},"9":{"start":{"line":19,"column":16},"end":{"line":22,"column":19}},"10":{"start":{"line":20,"column":20},"end":{"line":20,"column":43}},"11":{"start":{"line":21,"column":20},"end":{"line":21,"column":72}},"12":{"start":{"line":26,"column":4},"end":{"line":26,"column":26}},"13":{"start":{"line":31,"column":4},"end":{"line":51,"column":5}},"14":{"start":{"line":32,"column":8},"end":{"line":49,"column":9}},"15":{"start":{"line":33,"column":12},"end":{"line":48,"column":15}},"16":{"start":{"line":34,"column":16},"end":{"line":47,"column":18}},"17":{"start":{"line":35,"column":20},"end":{"line":46,"column":21}},"18":{"start":{"line":36,"column":24},"end":{"line":36,"column":47}},"19":{"start":{"line":37,"column":24},"end":{"line":37,"column":90}},"20":{"start":{"line":39,"column":24},"end":{"line":45,"column":25}},"21":{"start":{"line":40,"column":28},"end":{"line":40,"column":51}},"22":{"start":{"line":41,"column":28},"end":{"line":41,"column":94}},"23":{"start":{"line":42,"column":31},"end":{"line":45,"column":25}},"24":{"start":{"line":43,"column":28},"end":{"line":43,"column":51}},"25":{"start":{"line":44,"column":28},"end":{"line":44,"column":92}},"26":{"start":{"line":50,"column":8},"end":{"line":50,"column":30}},"27":{"start":{"line":55,"column":4},"end":{"line":69,"column":5}},"28":{"start":{"line":56,"column":8},"end":{"line":68,"column":9}},"29":{"start":{"line":58,"column":16},"end":{"line":59,"column":71}},"30":{"start":{"line":59,"column":20},"end":{"line":59,"column":71}},"31":{"start":{"line":60,"column":16},"end":{"line":60,"column":22}},"32":{"start":{"line":62,"column":16},"end":{"line":66,"column":17}},"33":{"start":{"line":63,"column":20},"end":{"line":63,"column":79}},"34":{"start":{"line":64,"column":23},"end":{"line":66,"column":17}},"35":{"start":{"line":65,"column":20},"end":{"line":65,"column":78}},"36":{"start":{"line":67,"column":16},"end":{"line":67,"column":22}},"37":{"start":{"line":70,"column":4},"end":{"line":70,"column":26}}},"fnMap":{"0":{"name":"getContentFromArray","decl":{"start":{"line":7,"column":16},"end":{"line":7,"column":35}},"loc":{"start":{"line":7,"column":74},"end":{"line":28,"column":1}},"line":7},"1":{"name":"(anonymous_1)","decl":{"start":{"line":8,"column":27},"end":{"line":8,"column":28}},"loc":{"start":{"line":8,"column":38},"end":{"line":25,"column":5}},"line":8},"2":{"name":"(anonymous_2)","decl":{"start":{"line":13,"column":39},"end":{"line":13,"column":40}},"loc":{"start":{"line":13,"column":49},"end":{"line":15,"column":13}},"line":13},"3":{"name":"(anonymous_3)","decl":{"start":{"line":18,"column":35},"end":{"line":18,"column":36}},"loc":{"start":{"line":18,"column":43},"end":{"line":23,"column":13}},"line":18},"4":{"name":"(anonymous_4)","decl":{"start":{"line":19,"column":42},"end":{"line":19,"column":43}},"loc":{"start":{"line":19,"column":49},"end":{"line":22,"column":17}},"line":19},"5":{"name":"getContentFromObject","decl":{"start":{"line":30,"column":16},"end":{"line":30,"column":36}},"loc":{"start":{"line":30,"column":75},"end":{"line":52,"column":1}},"line":30},"6":{"name":"(anonymous_6)","decl":{"start":{"line":33,"column":48},"end":{"line":33,"column":49}},"loc":{"start":{"line":33,"column":59},"end":{"line":48,"column":13}},"line":33},"7":{"name":"(anonymous_7)","decl":{"start":{"line":34,"column":31},"end":{"line":34,"column":32}},"loc":{"start":{"line":34,"column":40},"end":{"line":47,"column":17}},"line":34},"8":{"name":"getContentFromString","decl":{"start":{"line":54,"column":16},"end":{"line":54,"column":36}},"loc":{"start":{"line":54,"column":75},"end":{"line":71,"column":1}},"line":54}},"branchMap":{"0":{"loc":{"start":{"line":9,"column":8},"end":{"line":24,"column":9}},"type":"if","locations":[{"start":{"line":9,"column":8},"end":{"line":24,"column":9}},{"start":{"line":9,"column":8},"end":{"line":24,"column":9}}],"line":9},"1":{"loc":{"start":{"line":9,"column":12},"end":{"line":9,"column":77}},"type":"binary-expr","locations":[{"start":{"line":9,"column":12},"end":{"line":9,"column":43}},{"start":{"line":9,"column":47},"end":{"line":9,"column":77}}],"line":9},"2":{"loc":{"start":{"line":12,"column":15},"end":{"line":24,"column":9}},"type":"if","locations":[{"start":{"line":12,"column":15},"end":{"line":24,"column":9}},{"start":{"line":12,"column":15},"end":{"line":24,"column":9}}],"line":12},"3":{"loc":{"start":{"line":16,"column":15},"end":{"line":24,"column":9}},"type":"if","locations":[{"start":{"line":16,"column":15},"end":{"line":24,"column":9}},{"start":{"line":16,"column":15},"end":{"line":24,"column":9}}],"line":16},"4":{"loc":{"start":{"line":31,"column":4},"end":{"line":51,"column":5}},"type":"if","locations":[{"start":{"line":31,"column":4},"end":{"line":51,"column":5}},{"start":{"line":31,"column":4},"end":{"line":51,"column":5}}],"line":31},"5":{"loc":{"start":{"line":31,"column":8},"end":{"line":31,"column":48}},"type":"binary-expr","locations":[{"start":{"line":31,"column":8},"end":{"line":31,"column":25}},{"start":{"line":31,"column":29},"end":{"line":31,"column":48}}],"line":31},"6":{"loc":{"start":{"line":32,"column":8},"end":{"line":49,"column":9}},"type":"if","locations":[{"start":{"line":32,"column":8},"end":{"line":49,"column":9}},{"start":{"line":32,"column":8},"end":{"line":49,"column":9}}],"line":32},"7":{"loc":{"start":{"line":35,"column":20},"end":{"line":46,"column":21}},"type":"if","locations":[{"start":{"line":35,"column":20},"end":{"line":46,"column":21}},{"start":{"line":35,"column":20},"end":{"line":46,"column":21}}],"line":35},"8":{"loc":{"start":{"line":39,"column":24},"end":{"line":45,"column":25}},"type":"if","locations":[{"start":{"line":39,"column":24},"end":{"line":45,"column":25}},{"start":{"line":39,"column":24},"end":{"line":45,"column":25}}],"line":39},"9":{"loc":{"start":{"line":42,"column":31},"end":{"line":45,"column":25}},"type":"if","locations":[{"start":{"line":42,"column":31},"end":{"line":45,"column":25}},{"start":{"line":42,"column":31},"end":{"line":45,"column":25}}],"line":42},"10":{"loc":{"start":{"line":55,"column":4},"end":{"line":69,"column":5}},"type":"if","locations":[{"start":{"line":55,"column":4},"end":{"line":69,"column":5}},{"start":{"line":55,"column":4},"end":{"line":69,"column":5}}],"line":55},"11":{"loc":{"start":{"line":55,"column":8},"end":{"line":55,"column":48}},"type":"binary-expr","locations":[{"start":{"line":55,"column":8},"end":{"line":55,"column":25}},{"start":{"line":55,"column":29},"end":{"line":55,"column":48}}],"line":55},"12":{"loc":{"start":{"line":56,"column":8},"end":{"line":68,"column":9}},"type":"switch","locations":[{"start":{"line":57,"column":12},"end":{"line":60,"column":22}},{"start":{"line":61,"column":12},"end":{"line":67,"column":22}}],"line":56},"13":{"loc":{"start":{"line":58,"column":16},"end":{"line":59,"column":71}},"type":"if","locations":[{"start":{"line":58,"column":16},"end":{"line":59,"column":71}},{"start":{"line":58,"column":16},"end":{"line":59,"column":71}}],"line":58},"14":{"loc":{"start":{"line":58,"column":20},"end":{"line":58,"column":77}},"type":"binary-expr","locations":[{"start":{"line":58,"column":20},"end":{"line":58,"column":43}},{"start":{"line":58,"column":47},"end":{"line":58,"column":77}}],"line":58},"15":{"loc":{"start":{"line":62,"column":16},"end":{"line":66,"column":17}},"type":"if","locations":[{"start":{"line":62,"column":16},"end":{"line":66,"column":17}},{"start":{"line":62,"column":16},"end":{"line":66,"column":17}}],"line":62},"16":{"loc":{"start":{"line":64,"column":23},"end":{"line":66,"column":17}},"type":"if","locations":[{"start":{"line":64,"column":23},"end":{"line":66,"column":17}},{"start":{"line":64,"column":23},"end":{"line":66,"column":17}}],"line":64}},"s":{"0":24,"1":56,"2":4,"3":4,"4":52,"5":8,"6":8,"7":44,"8":44,"9":102,"10":2732,"11":2732,"12":24,"13":16,"14":16,"15":16,"16":40,"17":40,"18":4,"19":4,"20":36,"21":7,"22":7,"23":29,"24":15,"25":15,"26":16,"27":2761,"28":2761,"29":2744,"30":4,"31":2744,"32":17,"33":9,"34":8,"35":8,"36":17,"37":2761},"f":{"0":24,"1":56,"2":8,"3":102,"4":2732,"5":16,"6":40,"7":40,"8":2761},"b":{"0":[4,52],"1":[56,48],"2":[8,44],"3":[44,0],"4":[16,0],"5":[16,16],"6":[16,0],"7":[4,36],"8":[7,29],"9":[15,14],"10":[2761,0],"11":[2761,2761],"12":[2744,17],"13":[4,2740],"14":[2744,2744],"15":[9,8],"16":[8,0]},"_coverageSchema":"1a1c01bbd47fc00a2c39e90264f33305004495a9","hash":"0fee564dc533f7b49de885b8248eda9b84d7301c"}
,"C:\\Users\\Giovani\\Desktop\\nodejs apps\\search-lib\\data-search\\src\\main\\dataSet\\tags.js": {"path":"C:\\Users\\Giovani\\Desktop\\nodejs apps\\search-lib\\data-search\\src\\main\\dataSet\\tags.js","statementMap":{"0":{"start":{"line":6,"column":23},"end":{"line":6,"column":53}},"1":{"start":{"line":7,"column":4},"end":{"line":11,"column":7}},"2":{"start":{"line":8,"column":8},"end":{"line":10,"column":9}},"3":{"start":{"line":9,"column":12},"end":{"line":9,"column":57}},"4":{"start":{"line":15,"column":4},"end":{"line":33,"column":6}},"5":{"start":{"line":16,"column":8},"end":{"line":32,"column":9}},"6":{"start":{"line":17,"column":12},"end":{"line":30,"column":13}},"7":{"start":{"line":19,"column":20},"end":{"line":21,"column":21}},"8":{"start":{"line":20,"column":24},"end":{"line":20,"column":66}},"9":{"start":{"line":22,"column":20},"end":{"line":22,"column":26}},"10":{"start":{"line":24,"column":20},"end":{"line":28,"column":21}},"11":{"start":{"line":25,"column":24},"end":{"line":27,"column":26}},"12":{"start":{"line":26,"column":28},"end":{"line":26,"column":85}},"13":{"start":{"line":29,"column":20},"end":{"line":29,"column":26}},"14":{"start":{"line":35,"column":4},"end":{"line":35,"column":26}}},"fnMap":{"0":{"name":"fillTags","decl":{"start":{"line":5,"column":9},"end":{"line":5,"column":17}},"loc":{"start":{"line":5,"column":31},"end":{"line":12,"column":1}},"line":5},"1":{"name":"(anonymous_1)","decl":{"start":{"line":7,"column":23},"end":{"line":7,"column":24}},"loc":{"start":{"line":7,"column":31},"end":{"line":11,"column":5}},"line":7},"2":{"name":"identifyTags","decl":{"start":{"line":14,"column":16},"end":{"line":14,"column":28}},"loc":{"start":{"line":14,"column":67},"end":{"line":36,"column":1}},"line":14},"3":{"name":"(anonymous_3)","decl":{"start":{"line":15,"column":19},"end":{"line":15,"column":20}},"loc":{"start":{"line":15,"column":36},"end":{"line":33,"column":5}},"line":15},"4":{"name":"(anonymous_4)","decl":{"start":{"line":25,"column":47},"end":{"line":25,"column":48}},"loc":{"start":{"line":25,"column":55},"end":{"line":27,"column":25}},"line":25}},"branchMap":{"0":{"loc":{"start":{"line":8,"column":8},"end":{"line":10,"column":9}},"type":"if","locations":[{"start":{"line":8,"column":8},"end":{"line":10,"column":9}},{"start":{"line":8,"column":8},"end":{"line":10,"column":9}}],"line":8},"1":{"loc":{"start":{"line":8,"column":12},"end":{"line":8,"column":73}},"type":"binary-expr","locations":[{"start":{"line":8,"column":12},"end":{"line":8,"column":50}},{"start":{"line":8,"column":54},"end":{"line":8,"column":73}}],"line":8},"2":{"loc":{"start":{"line":16,"column":8},"end":{"line":32,"column":9}},"type":"if","locations":[{"start":{"line":16,"column":8},"end":{"line":32,"column":9}},{"start":{"line":16,"column":8},"end":{"line":32,"column":9}}],"line":16},"3":{"loc":{"start":{"line":17,"column":12},"end":{"line":30,"column":13}},"type":"switch","locations":[{"start":{"line":18,"column":16},"end":{"line":22,"column":26}},{"start":{"line":23,"column":16},"end":{"line":29,"column":26}}],"line":17},"4":{"loc":{"start":{"line":19,"column":20},"end":{"line":21,"column":21}},"type":"if","locations":[{"start":{"line":19,"column":20},"end":{"line":21,"column":21}},{"start":{"line":19,"column":20},"end":{"line":21,"column":21}}],"line":19},"5":{"loc":{"start":{"line":24,"column":20},"end":{"line":28,"column":21}},"type":"if","locations":[{"start":{"line":24,"column":20},"end":{"line":28,"column":21}},{"start":{"line":24,"column":20},"end":{"line":28,"column":21}}],"line":24},"6":{"loc":{"start":{"line":26,"column":28},"end":{"line":26,"column":84}},"type":"cond-expr","locations":[{"start":{"line":26,"column":47},"end":{"line":26,"column":78}},{"start":{"line":26,"column":80},"end":{"line":26,"column":84}}],"line":26}},"s":{"0":12,"1":12,"2":17,"3":12,"4":8,"5":8,"6":8,"7":4,"8":4,"9":4,"10":4,"11":4,"12":10,"13":4,"14":8},"f":{"0":12,"1":17,"2":8,"3":8,"4":10},"b":{"0":[12,5],"1":[17,12],"2":[8,0],"3":[4,4],"4":[4,0],"5":[4,0],"6":[8,2]},"_coverageSchema":"1a1c01bbd47fc00a2c39e90264f33305004495a9","hash":"f7ff8ec1b9ff591690982312bc900dd83d8f48b3"}
,"C:\\Users\\Giovani\\Desktop\\nodejs apps\\search-lib\\data-search\\src\\main\\dataSet\\verifyAtribute.js": {"path":"C:\\Users\\Giovani\\Desktop\\nodejs apps\\search-lib\\data-search\\src\\main\\dataSet\\verifyAtribute.js","statementMap":{"0":{"start":{"line":6,"column":4},"end":{"line":11,"column":5}},"1":{"start":{"line":7,"column":8},"end":{"line":10,"column":9}},"2":{"start":{"line":9,"column":12},"end":{"line":9,"column":71}},"3":{"start":{"line":13,"column":4},"end":{"line":13,"column":26}},"4":{"start":{"line":18,"column":4},"end":{"line":32,"column":6}},"5":{"start":{"line":19,"column":8},"end":{"line":31,"column":9}},"6":{"start":{"line":20,"column":12},"end":{"line":28,"column":13}},"7":{"start":{"line":21,"column":16},"end":{"line":21,"column":47}},"8":{"start":{"line":22,"column":16},"end":{"line":22,"column":74}},"9":{"start":{"line":23,"column":19},"end":{"line":28,"column":13}},"10":{"start":{"line":24,"column":16},"end":{"line":24,"column":47}},"11":{"start":{"line":25,"column":16},"end":{"line":25,"column":74}},"12":{"start":{"line":26,"column":19},"end":{"line":28,"column":13}},"13":{"start":{"line":27,"column":16},"end":{"line":27,"column":75}},"14":{"start":{"line":30,"column":12},"end":{"line":30,"column":70}},"15":{"start":{"line":33,"column":4},"end":{"line":33,"column":15}}},"fnMap":{"0":{"name":"insideMainAtributes","decl":{"start":{"line":5,"column":9},"end":{"line":5,"column":28}},"loc":{"start":{"line":5,"column":67},"end":{"line":15,"column":1}},"line":5},"1":{"name":"mainAttributes","decl":{"start":{"line":17,"column":16},"end":{"line":17,"column":30}},"loc":{"start":{"line":17,"column":69},"end":{"line":34,"column":1}},"line":17},"2":{"name":"(anonymous_2)","decl":{"start":{"line":18,"column":19},"end":{"line":18,"column":20}},"loc":{"start":{"line":18,"column":35},"end":{"line":32,"column":5}},"line":18}},"branchMap":{"0":{"loc":{"start":{"line":6,"column":4},"end":{"line":11,"column":5}},"type":"if","locations":[{"start":{"line":6,"column":4},"end":{"line":11,"column":5}},{"start":{"line":6,"column":4},"end":{"line":11,"column":5}}],"line":6},"1":{"loc":{"start":{"line":6,"column":8},"end":{"line":6,"column":48}},"type":"binary-expr","locations":[{"start":{"line":6,"column":8},"end":{"line":6,"column":25}},{"start":{"line":6,"column":29},"end":{"line":6,"column":48}}],"line":6},"2":{"loc":{"start":{"line":7,"column":8},"end":{"line":10,"column":9}},"type":"if","locations":[{"start":{"line":7,"column":8},"end":{"line":10,"column":9}},{"start":{"line":7,"column":8},"end":{"line":10,"column":9}}],"line":7},"3":{"loc":{"start":{"line":19,"column":8},"end":{"line":31,"column":9}},"type":"if","locations":[{"start":{"line":19,"column":8},"end":{"line":31,"column":9}},{"start":{"line":19,"column":8},"end":{"line":31,"column":9}}],"line":19},"4":{"loc":{"start":{"line":20,"column":12},"end":{"line":28,"column":13}},"type":"if","locations":[{"start":{"line":20,"column":12},"end":{"line":28,"column":13}},{"start":{"line":20,"column":12},"end":{"line":28,"column":13}}],"line":20},"5":{"loc":{"start":{"line":23,"column":19},"end":{"line":28,"column":13}},"type":"if","locations":[{"start":{"line":23,"column":19},"end":{"line":28,"column":13}},{"start":{"line":23,"column":19},"end":{"line":28,"column":13}}],"line":23},"6":{"loc":{"start":{"line":26,"column":19},"end":{"line":28,"column":13}},"type":"if","locations":[{"start":{"line":26,"column":19},"end":{"line":28,"column":13}},{"start":{"line":26,"column":19},"end":{"line":28,"column":13}}],"line":26}},"s":{"0":36,"1":20,"2":14,"3":36,"4":40,"5":40,"6":4,"7":1,"8":1,"9":3,"10":1,"11":1,"12":2,"13":2,"14":36,"15":40},"f":{"0":36,"1":40,"2":40},"b":{"0":[20,16],"1":[36,28],"2":[14,6],"3":[4,36],"4":[1,3],"5":[1,2],"6":[2,0]},"_coverageSchema":"1a1c01bbd47fc00a2c39e90264f33305004495a9","hash":"cbba3dff1bd2dbbac861fd7df309372ec3dbb42a"}
,"C:\\Users\\Giovani\\Desktop\\nodejs apps\\search-lib\\data-search\\src\\utils\\shared\\errors\\IdNotAllowed.error.js": {"path":"C:\\Users\\Giovani\\Desktop\\nodejs apps\\search-lib\\data-search\\src\\utils\\shared\\errors\\IdNotAllowed.error.js","statementMap":{"0":{"start":{"line":3,"column":8},"end":{"line":3,"column":25}},"1":{"start":{"line":5,"column":8},"end":{"line":7,"column":9}},"2":{"start":{"line":6,"column":12},"end":{"line":6,"column":61}},"3":{"start":{"line":9,"column":8},"end":{"line":9,"column":43}},"4":{"start":{"line":10,"column":8},"end":{"line":10,"column":99}},"5":{"start":{"line":11,"column":8},"end":{"line":11,"column":25}},"6":{"start":{"line":12,"column":8},"end":{"line":12,"column":31}}},"fnMap":{"0":{"name":"(anonymous_0)","decl":{"start":{"line":2,"column":4},"end":{"line":2,"column":5}},"loc":{"start":{"line":2,"column":50},"end":{"line":13,"column":5}},"line":2}},"branchMap":{"0":{"loc":{"start":{"line":2,"column":16},"end":{"line":2,"column":37}},"type":"default-arg","locations":[{"start":{"line":2,"column":23},"end":{"line":2,"column":37}}],"line":2},"1":{"loc":{"start":{"line":5,"column":8},"end":{"line":7,"column":9}},"type":"if","locations":[{"start":{"line":5,"column":8},"end":{"line":7,"column":9}},{"start":{"line":5,"column":8},"end":{"line":7,"column":9}}],"line":5}},"s":{"0":0,"1":0,"2":0,"3":0,"4":0,"5":0,"6":0},"f":{"0":0},"b":{"0":[0],"1":[0,0]},"_coverageSchema":"1a1c01bbd47fc00a2c39e90264f33305004495a9","hash":"1b6dce4df5a05edfd08c106d91ca32801e349329"}
,"C:\\Users\\Giovani\\Desktop\\nodejs apps\\search-lib\\data-search\\src\\utils\\shared\\errors\\IdNotFound.error.js": {"path":"C:\\Users\\Giovani\\Desktop\\nodejs apps\\search-lib\\data-search\\src\\utils\\shared\\errors\\IdNotFound.error.js","statementMap":{"0":{"start":{"line":3,"column":8},"end":{"line":3,"column":25}},"1":{"start":{"line":5,"column":8},"end":{"line":7,"column":9}},"2":{"start":{"line":6,"column":12},"end":{"line":6,"column":59}},"3":{"start":{"line":9,"column":8},"end":{"line":9,"column":35}},"4":{"start":{"line":10,"column":8},"end":{"line":10,"column":60}},"5":{"start":{"line":11,"column":8},"end":{"line":11,"column":25}},"6":{"start":{"line":12,"column":8},"end":{"line":12,"column":31}}},"fnMap":{"0":{"name":"(anonymous_0)","decl":{"start":{"line":2,"column":4},"end":{"line":2,"column":5}},"loc":{"start":{"line":2,"column":50},"end":{"line":13,"column":5}},"line":2}},"branchMap":{"0":{"loc":{"start":{"line":2,"column":16},"end":{"line":2,"column":37}},"type":"default-arg","locations":[{"start":{"line":2,"column":23},"end":{"line":2,"column":37}}],"line":2},"1":{"loc":{"start":{"line":5,"column":8},"end":{"line":7,"column":9}},"type":"if","locations":[{"start":{"line":5,"column":8},"end":{"line":7,"column":9}},{"start":{"line":5,"column":8},"end":{"line":7,"column":9}}],"line":5}},"s":{"0":0,"1":0,"2":0,"3":0,"4":0,"5":0,"6":0},"f":{"0":0},"b":{"0":[0],"1":[0,0]},"_coverageSchema":"1a1c01bbd47fc00a2c39e90264f33305004495a9","hash":"1f5a17002ff9f89e6293ca789b0abf7b3ef16a9c"}
,"C:\\Users\\Giovani\\Desktop\\nodejs apps\\search-lib\\data-search\\src\\utils\\shared\\errors\\IsNotArray.error.js": {"path":"C:\\Users\\Giovani\\Desktop\\nodejs apps\\search-lib\\data-search\\src\\utils\\shared\\errors\\IsNotArray.error.js","statementMap":{"0":{"start":{"line":3,"column":8},"end":{"line":3,"column":25}},"1":{"start":{"line":4,"column":8},"end":{"line":4,"column":59}},"2":{"start":{"line":6,"column":8},"end":{"line":14,"column":10}},"3":{"start":{"line":7,"column":12},"end":{"line":9,"column":13}},"4":{"start":{"line":8,"column":16},"end":{"line":8,"column":63}},"5":{"start":{"line":10,"column":12},"end":{"line":10,"column":39}},"6":{"start":{"line":11,"column":12},"end":{"line":11,"column":78}},"7":{"start":{"line":12,"column":12},"end":{"line":12,"column":29}},"8":{"start":{"line":13,"column":12},"end":{"line":13,"column":35}}},"fnMap":{"0":{"name":"(anonymous_0)","decl":{"start":{"line":2,"column":4},"end":{"line":2,"column":5}},"loc":{"start":{"line":2,"column":50},"end":{"line":15,"column":5}},"line":2},"1":{"name":"(anonymous_1)","decl":{"start":{"line":6,"column":23},"end":{"line":6,"column":24}},"loc":{"start":{"line":6,"column":31},"end":{"line":14,"column":9}},"line":6}},"branchMap":{"0":{"loc":{"start":{"line":2,"column":16},"end":{"line":2,"column":37}},"type":"default-arg","locations":[{"start":{"line":2,"column":23},"end":{"line":2,"column":37}}],"line":2},"1":{"loc":{"start":{"line":4,"column":17},"end":{"line":4,"column":58}},"type":"cond-expr","locations":[{"start":{"line":4,"column":40},"end":{"line":4,"column":49}},{"start":{"line":4,"column":52},"end":{"line":4,"column":58}}],"line":4},"2":{"loc":{"start":{"line":7,"column":12},"end":{"line":9,"column":13}},"type":"if","locations":[{"start":{"line":7,"column":12},"end":{"line":9,"column":13}},{"start":{"line":7,"column":12},"end":{"line":9,"column":13}}],"line":7}},"s":{"0":0,"1":0,"2":0,"3":0,"4":0,"5":0,"6":0,"7":0,"8":0},"f":{"0":0,"1":0},"b":{"0":[0],"1":[0,0],"2":[0,0]},"_coverageSchema":"1a1c01bbd47fc00a2c39e90264f33305004495a9","hash":"1b2010e6881e3bb13a485b70b849061f12e996d3"}
,"C:\\Users\\Giovani\\Desktop\\nodejs apps\\search-lib\\data-search\\src\\utils\\shared\\errors\\IsNotNumber.error.js": {"path":"C:\\Users\\Giovani\\Desktop\\nodejs apps\\search-lib\\data-search\\src\\utils\\shared\\errors\\IsNotNumber.error.js","statementMap":{"0":{"start":{"line":3,"column":8},"end":{"line":3,"column":25}},"1":{"start":{"line":5,"column":8},"end":{"line":7,"column":9}},"2":{"start":{"line":6,"column":12},"end":{"line":6,"column":60}},"3":{"start":{"line":8,"column":8},"end":{"line":8,"column":36}},"4":{"start":{"line":9,"column":8},"end":{"line":9,"column":73}},"5":{"start":{"line":10,"column":8},"end":{"line":10,"column":25}},"6":{"start":{"line":11,"column":8},"end":{"line":11,"column":31}}},"fnMap":{"0":{"name":"(anonymous_0)","decl":{"start":{"line":2,"column":4},"end":{"line":2,"column":5}},"loc":{"start":{"line":2,"column":50},"end":{"line":12,"column":5}},"line":2}},"branchMap":{"0":{"loc":{"start":{"line":2,"column":16},"end":{"line":2,"column":37}},"type":"default-arg","locations":[{"start":{"line":2,"column":23},"end":{"line":2,"column":37}}],"line":2},"1":{"loc":{"start":{"line":5,"column":8},"end":{"line":7,"column":9}},"type":"if","locations":[{"start":{"line":5,"column":8},"end":{"line":7,"column":9}},{"start":{"line":5,"column":8},"end":{"line":7,"column":9}}],"line":5}},"s":{"0":0,"1":0,"2":0,"3":0,"4":0,"5":0,"6":0},"f":{"0":0},"b":{"0":[0],"1":[0,0]},"_coverageSchema":"1a1c01bbd47fc00a2c39e90264f33305004495a9","hash":"44d9c49cc6d70ab26b880a42c0d34df2dfd1d1c6"}
,"C:\\Users\\Giovani\\Desktop\\nodejs apps\\search-lib\\data-search\\src\\utils\\shared\\errors\\IsNotObject.error.js": {"path":"C:\\Users\\Giovani\\Desktop\\nodejs apps\\search-lib\\data-search\\src\\utils\\shared\\errors\\IsNotObject.error.js","statementMap":{"0":{"start":{"line":3,"column":8},"end":{"line":3,"column":25}},"1":{"start":{"line":5,"column":8},"end":{"line":7,"column":9}},"2":{"start":{"line":6,"column":12},"end":{"line":6,"column":60}},"3":{"start":{"line":8,"column":8},"end":{"line":8,"column":36}},"4":{"start":{"line":9,"column":8},"end":{"line":9,"column":73}},"5":{"start":{"line":10,"column":8},"end":{"line":10,"column":25}},"6":{"start":{"line":11,"column":8},"end":{"line":11,"column":31}}},"fnMap":{"0":{"name":"(anonymous_0)","decl":{"start":{"line":2,"column":4},"end":{"line":2,"column":5}},"loc":{"start":{"line":2,"column":50},"end":{"line":12,"column":5}},"line":2}},"branchMap":{"0":{"loc":{"start":{"line":2,"column":16},"end":{"line":2,"column":37}},"type":"default-arg","locations":[{"start":{"line":2,"column":23},"end":{"line":2,"column":37}}],"line":2},"1":{"loc":{"start":{"line":5,"column":8},"end":{"line":7,"column":9}},"type":"if","locations":[{"start":{"line":5,"column":8},"end":{"line":7,"column":9}},{"start":{"line":5,"column":8},"end":{"line":7,"column":9}}],"line":5}},"s":{"0":0,"1":0,"2":0,"3":0,"4":0,"5":0,"6":0},"f":{"0":0},"b":{"0":[0],"1":[0,0]},"_coverageSchema":"1a1c01bbd47fc00a2c39e90264f33305004495a9","hash":"926335ec4eed0333682c39e7e330c0546f00b030"}
,"C:\\Users\\Giovani\\Desktop\\nodejs apps\\search-lib\\data-search\\src\\utils\\shared\\errors\\IsNotString.error.js": {"path":"C:\\Users\\Giovani\\Desktop\\nodejs apps\\search-lib\\data-search\\src\\utils\\shared\\errors\\IsNotString.error.js","statementMap":{"0":{"start":{"line":3,"column":8},"end":{"line":3,"column":25}},"1":{"start":{"line":5,"column":8},"end":{"line":7,"column":9}},"2":{"start":{"line":6,"column":12},"end":{"line":6,"column":60}},"3":{"start":{"line":8,"column":8},"end":{"line":8,"column":36}},"4":{"start":{"line":9,"column":8},"end":{"line":9,"column":73}},"5":{"start":{"line":10,"column":8},"end":{"line":10,"column":25}},"6":{"start":{"line":11,"column":8},"end":{"line":11,"column":31}}},"fnMap":{"0":{"name":"(anonymous_0)","decl":{"start":{"line":2,"column":4},"end":{"line":2,"column":5}},"loc":{"start":{"line":2,"column":50},"end":{"line":12,"column":5}},"line":2}},"branchMap":{"0":{"loc":{"start":{"line":2,"column":16},"end":{"line":2,"column":37}},"type":"default-arg","locations":[{"start":{"line":2,"column":23},"end":{"line":2,"column":37}}],"line":2},"1":{"loc":{"start":{"line":5,"column":8},"end":{"line":7,"column":9}},"type":"if","locations":[{"start":{"line":5,"column":8},"end":{"line":7,"column":9}},{"start":{"line":5,"column":8},"end":{"line":7,"column":9}}],"line":5}},"s":{"0":0,"1":0,"2":0,"3":0,"4":0,"5":0,"6":0},"f":{"0":0},"b":{"0":[0],"1":[0,0]},"_coverageSchema":"1a1c01bbd47fc00a2c39e90264f33305004495a9","hash":"72c9f42325eb835aeedd07f8edafb794228c988e"}
,"C:\\Users\\Giovani\\Desktop\\nodejs apps\\search-lib\\data-search\\src\\utils\\shared\\errors\\NotAllowedParameter.error.js": {"path":"C:\\Users\\Giovani\\Desktop\\nodejs apps\\search-lib\\data-search\\src\\utils\\shared\\errors\\NotAllowedParameter.error.js","statementMap":{"0":{"start":{"line":3,"column":8},"end":{"line":3,"column":32}},"1":{"start":{"line":5,"column":8},"end":{"line":7,"column":9}},"2":{"start":{"line":6,"column":12},"end":{"line":6,"column":68}},"3":{"start":{"line":8,"column":8},"end":{"line":8,"column":50}},"4":{"start":{"line":9,"column":8},"end":{"line":9,"column":109}},"5":{"start":{"line":11,"column":8},"end":{"line":11,"column":35}},"6":{"start":{"line":12,"column":8},"end":{"line":12,"column":31}},"7":{"start":{"line":17,"column":4},"end":{"line":24,"column":5}},"8":{"start":{"line":17,"column":17},"end":{"line":17,"column":18}},"9":{"start":{"line":18,"column":8},"end":{"line":23,"column":9}},"10":{"start":{"line":19,"column":12},"end":{"line":19,"column":41}},"11":{"start":{"line":21,"column":12},"end":{"line":21,"column":39}},"12":{"start":{"line":22,"column":12},"end":{"line":22,"column":41}},"13":{"start":{"line":25,"column":4},"end":{"line":25,"column":28}},"14":{"start":{"line":26,"column":4},"end":{"line":26,"column":16}}},"fnMap":{"0":{"name":"(anonymous_0)","decl":{"start":{"line":2,"column":4},"end":{"line":2,"column":5}},"loc":{"start":{"line":2,"column":34},"end":{"line":13,"column":5}},"line":2},"1":{"name":"description","decl":{"start":{"line":16,"column":9},"end":{"line":16,"column":20}},"loc":{"start":{"line":16,"column":34},"end":{"line":27,"column":1}},"line":16}},"branchMap":{"0":{"loc":{"start":{"line":5,"column":8},"end":{"line":7,"column":9}},"type":"if","locations":[{"start":{"line":5,"column":8},"end":{"line":7,"column":9}},{"start":{"line":5,"column":8},"end":{"line":7,"column":9}}],"line":5},"1":{"loc":{"start":{"line":18,"column":8},"end":{"line":23,"column":9}},"type":"if","locations":[{"start":{"line":18,"column":8},"end":{"line":23,"column":9}},{"start":{"line":18,"column":8},"end":{"line":23,"column":9}}],"line":18},"2":{"loc":{"start":{"line":18,"column":12},"end":{"line":18,"column":30}},"type":"binary-expr","locations":[{"start":{"line":18,"column":12},"end":{"line":18,"column":20}},{"start":{"line":18,"column":24},"end":{"line":18,"column":30}}],"line":18}},"s":{"0":0,"1":0,"2":0,"3":0,"4":0,"5":0,"6":0,"7":0,"8":0,"9":0,"10":0,"11":0,"12":0,"13":0,"14":0},"f":{"0":0,"1":0},"b":{"0":[0,0],"1":[0,0],"2":[0,0]},"_coverageSchema":"1a1c01bbd47fc00a2c39e90264f33305004495a9","hash":"4612df217cd73f1c76784570a1c58eefc107854f"}
,"C:\\Users\\Giovani\\Desktop\\nodejs apps\\search-lib\\data-search\\src\\utils\\shared\\functions\\defaultFunctions.js": {"path":"C:\\Users\\Giovani\\Desktop\\nodejs apps\\search-lib\\data-search\\src\\utils\\shared\\functions\\defaultFunctions.js","statementMap":{"0":{"start":{"line":5,"column":26},"end":{"line":5,"column":33}},"1":{"start":{"line":6,"column":18},"end":{"line":6,"column":35}},"2":{"start":{"line":12,"column":4},"end":{"line":14,"column":5}},"3":{"start":{"line":13,"column":8},"end":{"line":13,"column":72}},"4":{"start":{"line":15,"column":4},"end":{"line":15,"column":63}},"5":{"start":{"line":16,"column":4},"end":{"line":18,"column":5}},"6":{"start":{"line":17,"column":8},"end":{"line":17,"column":79}},"7":{"start":{"line":19,"column":4},"end":{"line":19,"column":16}},"8":{"start":{"line":24,"column":4},"end":{"line":26,"column":45}},"9":{"start":{"line":27,"column":4},"end":{"line":27,"column":16}},"10":{"start":{"line":32,"column":21},"end":{"line":32,"column":23}},"11":{"start":{"line":33,"column":4},"end":{"line":37,"column":7}},"12":{"start":{"line":34,"column":8},"end":{"line":36,"column":9}},"13":{"start":{"line":35,"column":12},"end":{"line":35,"column":57}},"14":{"start":{"line":38,"column":4},"end":{"line":38,"column":20}},"15":{"start":{"line":43,"column":4},"end":{"line":43,"column":49}},"16":{"start":{"line":44,"column":20},"end":{"line":44,"column":45}},"17":{"start":{"line":45,"column":4},"end":{"line":49,"column":5}},"18":{"start":{"line":46,"column":8},"end":{"line":48,"column":9}},"19":{"start":{"line":47,"column":12},"end":{"line":47,"column":24}},"20":{"start":{"line":50,"column":4},"end":{"line":50,"column":17}},"21":{"start":{"line":55,"column":26},"end":{"line":55,"column":52}},"22":{"start":{"line":56,"column":4},"end":{"line":56,"column":34}},"23":{"start":{"line":61,"column":4},"end":{"line":74,"column":5}},"24":{"start":{"line":62,"column":8},"end":{"line":64,"column":10}},"25":{"start":{"line":63,"column":12},"end":{"line":63,"column":37}},"26":{"start":{"line":66,"column":8},"end":{"line":70,"column":9}},"27":{"start":{"line":67,"column":12},"end":{"line":67,"column":74}},"28":{"start":{"line":67,"column":44},"end":{"line":67,"column":72}},"29":{"start":{"line":69,"column":12},"end":{"line":69,"column":74}},"30":{"start":{"line":69,"column":44},"end":{"line":69,"column":72}},"31":{"start":{"line":71,"column":8},"end":{"line":71,"column":24}},"32":{"start":{"line":73,"column":8},"end":{"line":73,"column":30}},"33":{"start":{"line":79,"column":17},"end":{"line":79,"column":27}},"34":{"start":{"line":80,"column":4},"end":{"line":80,"column":79}},"35":{"start":{"line":85,"column":4},"end":{"line":87,"column":5}},"36":{"start":{"line":86,"column":8},"end":{"line":86,"column":20}},"37":{"start":{"line":88,"column":4},"end":{"line":88,"column":17}},"38":{"start":{"line":92,"column":19},"end":{"line":92,"column":24}},"39":{"start":{"line":93,"column":4},"end":{"line":97,"column":6}},"40":{"start":{"line":94,"column":8},"end":{"line":96,"column":9}},"41":{"start":{"line":95,"column":12},"end":{"line":95,"column":28}},"42":{"start":{"line":98,"column":4},"end":{"line":98,"column":20}},"43":{"start":{"line":104,"column":4},"end":{"line":104,"column":104}},"44":{"start":{"line":104,"column":29},"end":{"line":104,"column":104}},"45":{"start":{"line":106,"column":4},"end":{"line":106,"column":16}},"46":{"start":{"line":111,"column":19},"end":{"line":111,"column":24}},"47":{"start":{"line":112,"column":4},"end":{"line":116,"column":7}},"48":{"start":{"line":113,"column":8},"end":{"line":115,"column":9}},"49":{"start":{"line":114,"column":12},"end":{"line":114,"column":28}},"50":{"start":{"line":117,"column":4},"end":{"line":117,"column":20}}},"fnMap":{"0":{"name":"treatString","decl":{"start":{"line":11,"column":16},"end":{"line":11,"column":27}},"loc":{"start":{"line":11,"column":50},"end":{"line":20,"column":1}},"line":11},"1":{"name":"removeSpecialCharactersInString","decl":{"start":{"line":23,"column":16},"end":{"line":23,"column":47}},"loc":{"start":{"line":23,"column":54},"end":{"line":28,"column":1}},"line":23},"2":{"name":"removeRedundancyFromStringArray","decl":{"start":{"line":31,"column":16},"end":{"line":31,"column":47}},"loc":{"start":{"line":31,"column":61},"end":{"line":39,"column":1}},"line":31},"3":{"name":"(anonymous_3)","decl":{"start":{"line":33,"column":18},"end":{"line":33,"column":19}},"loc":{"start":{"line":33,"column":26},"end":{"line":37,"column":5}},"line":33},"4":{"name":"similarStrings","decl":{"start":{"line":42,"column":16},"end":{"line":42,"column":30}},"loc":{"start":{"line":42,"column":57},"end":{"line":51,"column":1}},"line":42},"5":{"name":"makeStringSingular","decl":{"start":{"line":54,"column":16},"end":{"line":54,"column":34}},"loc":{"start":{"line":54,"column":41},"end":{"line":57,"column":1}},"line":54},"6":{"name":"sortArrayOfObject","decl":{"start":{"line":60,"column":16},"end":{"line":60,"column":33}},"loc":{"start":{"line":60,"column":53},"end":{"line":75,"column":1}},"line":60},"7":{"name":"(anonymous_7)","decl":{"start":{"line":62,"column":22},"end":{"line":62,"column":23}},"loc":{"start":{"line":62,"column":29},"end":{"line":64,"column":9}},"line":62},"8":{"name":"(anonymous_8)","decl":{"start":{"line":67,"column":34},"end":{"line":67,"column":35}},"loc":{"start":{"line":67,"column":44},"end":{"line":67,"column":72}},"line":67},"9":{"name":"(anonymous_9)","decl":{"start":{"line":69,"column":34},"end":{"line":69,"column":35}},"loc":{"start":{"line":69,"column":44},"end":{"line":69,"column":72}},"line":69},"10":{"name":"getCurrentTimeString","decl":{"start":{"line":78,"column":16},"end":{"line":78,"column":36}},"loc":{"start":{"line":78,"column":39},"end":{"line":81,"column":1}},"line":78},"11":{"name":"verifyParam","decl":{"start":{"line":84,"column":16},"end":{"line":84,"column":27}},"loc":{"start":{"line":84,"column":62},"end":{"line":89,"column":1}},"line":84},"12":{"name":"equalsParam","decl":{"start":{"line":91,"column":16},"end":{"line":91,"column":27}},"loc":{"start":{"line":91,"column":47},"end":{"line":99,"column":1}},"line":91},"13":{"name":"(anonymous_13)","decl":{"start":{"line":93,"column":19},"end":{"line":93,"column":20}},"loc":{"start":{"line":93,"column":28},"end":{"line":97,"column":5}},"line":93},"14":{"name":"hasAttrFilter","decl":{"start":{"line":103,"column":16},"end":{"line":103,"column":29}},"loc":{"start":{"line":103,"column":41},"end":{"line":107,"column":1}},"line":103},"15":{"name":"hasAttr","decl":{"start":{"line":110,"column":16},"end":{"line":110,"column":23}},"loc":{"start":{"line":110,"column":35},"end":{"line":118,"column":1}},"line":110},"16":{"name":"(anonymous_16)","decl":{"start":{"line":112,"column":29},"end":{"line":112,"column":30}},"loc":{"start":{"line":112,"column":39},"end":{"line":116,"column":5}},"line":112}},"branchMap":{"0":{"loc":{"start":{"line":12,"column":4},"end":{"line":14,"column":5}},"type":"if","locations":[{"start":{"line":12,"column":4},"end":{"line":14,"column":5}},{"start":{"line":12,"column":4},"end":{"line":14,"column":5}}],"line":12},"1":{"loc":{"start":{"line":12,"column":8},"end":{"line":12,"column":63}},"type":"binary-expr","locations":[{"start":{"line":12,"column":8},"end":{"line":12,"column":31}},{"start":{"line":12,"column":35},"end":{"line":12,"column":63}}],"line":12},"2":{"loc":{"start":{"line":16,"column":4},"end":{"line":18,"column":5}},"type":"if","locations":[{"start":{"line":16,"column":4},"end":{"line":18,"column":5}},{"start":{"line":16,"column":4},"end":{"line":18,"column":5}}],"line":16},"3":{"loc":{"start":{"line":34,"column":8},"end":{"line":36,"column":9}},"type":"if","locations":[{"start":{"line":34,"column":8},"end":{"line":36,"column":9}},{"start":{"line":34,"column":8},"end":{"line":36,"column":9}}],"line":34},"4":{"loc":{"start":{"line":34,"column":12},"end":{"line":34,"column":72}},"type":"binary-expr","locations":[{"start":{"line":34,"column":12},"end":{"line":34,"column":50}},{"start":{"line":34,"column":54},"end":{"line":34,"column":72}}],"line":34},"5":{"loc":{"start":{"line":46,"column":8},"end":{"line":48,"column":9}},"type":"if","locations":[{"start":{"line":46,"column":8},"end":{"line":48,"column":9}},{"start":{"line":46,"column":8},"end":{"line":48,"column":9}}],"line":46},"6":{"loc":{"start":{"line":66,"column":8},"end":{"line":70,"column":9}},"type":"if","locations":[{"start":{"line":66,"column":8},"end":{"line":70,"column":9}},{"start":{"line":66,"column":8},"end":{"line":70,"column":9}}],"line":66},"7":{"loc":{"start":{"line":67,"column":44},"end":{"line":67,"column":72}},"type":"cond-expr","locations":[{"start":{"line":67,"column":66},"end":{"line":67,"column":67}},{"start":{"line":67,"column":70},"end":{"line":67,"column":72}}],"line":67},"8":{"loc":{"start":{"line":69,"column":44},"end":{"line":69,"column":72}},"type":"cond-expr","locations":[{"start":{"line":69,"column":66},"end":{"line":69,"column":68}},{"start":{"line":69,"column":71},"end":{"line":69,"column":72}}],"line":69},"9":{"loc":{"start":{"line":85,"column":4},"end":{"line":87,"column":5}},"type":"if","locations":[{"start":{"line":85,"column":4},"end":{"line":87,"column":5}},{"start":{"line":85,"column":4},"end":{"line":87,"column":5}}],"line":85},"10":{"loc":{"start":{"line":85,"column":8},"end":{"line":85,"column":67}},"type":"binary-expr","locations":[{"start":{"line":85,"column":8},"end":{"line":85,"column":40}},{"start":{"line":85,"column":44},"end":{"line":85,"column":67}}],"line":85},"11":{"loc":{"start":{"line":94,"column":8},"end":{"line":96,"column":9}},"type":"if","locations":[{"start":{"line":94,"column":8},"end":{"line":96,"column":9}},{"start":{"line":94,"column":8},"end":{"line":96,"column":9}}],"line":94},"12":{"loc":{"start":{"line":104,"column":4},"end":{"line":104,"column":104}},"type":"if","locations":[{"start":{"line":104,"column":4},"end":{"line":104,"column":104}},{"start":{"line":104,"column":4},"end":{"line":104,"column":104}}],"line":104},"13":{"loc":{"start":{"line":113,"column":8},"end":{"line":115,"column":9}},"type":"if","locations":[{"start":{"line":113,"column":8},"end":{"line":115,"column":9}},{"start":{"line":113,"column":8},"end":{"line":115,"column":9}}],"line":113}},"s":{"0":1,"1":1,"2":12,"3":0,"4":12,"5":12,"6":12,"7":0,"8":12,"9":12,"10":12,"11":12,"12":67,"13":17,"14":12,"15":0,"16":0,"17":0,"18":0,"19":0,"20":0,"21":0,"22":0,"23":0,"24":0,"25":0,"26":0,"27":0,"28":0,"29":0,"30":0,"31":0,"32":0,"33":0,"34":0,"35":8,"36":8,"37":0,"38":2792,"39":2792,"40":2792,"41":8,"42":2792,"43":0,"44":0,"45":0,"46":0,"47":0,"48":0,"49":0,"50":0},"f":{"0":12,"1":12,"2":12,"3":67,"4":0,"5":0,"6":0,"7":0,"8":0,"9":0,"10":0,"11":8,"12":2792,"13":2792,"14":0,"15":0,"16":0},"b":{"0":[0,12],"1":[12,0],"2":[12,0],"3":[17,50],"4":[67,67],"5":[0,0],"6":[0,0],"7":[0,0],"8":[0,0],"9":[8,0],"10":[8,0],"11":[8,2784],"12":[0,0],"13":[0,0]},"_coverageSchema":"1a1c01bbd47fc00a2c39e90264f33305004495a9","hash":"c7e31d009301b17a06a10910a4fbb1a983e03fab"}
,"C:\\Users\\Giovani\\Desktop\\nodejs apps\\search-lib\\data-search\\src\\utils\\shared\\functions\\validateTypes.js": {"path":"C:\\Users\\Giovani\\Desktop\\nodejs apps\\search-lib\\data-search\\src\\utils\\shared\\functions\\validateTypes.js","statementMap":{"0":{"start":{"line":11,"column":4},"end":{"line":31,"column":5}},"1":{"start":{"line":12,"column":8},"end":{"line":14,"column":9}},"2":{"start":{"line":13,"column":12},"end":{"line":13,"column":40}},"3":{"start":{"line":15,"column":8},"end":{"line":26,"column":9}},"4":{"start":{"line":15,"column":21},"end":{"line":15,"column":22}},"5":{"start":{"line":16,"column":25},"end":{"line":16,"column":33}},"6":{"start":{"line":17,"column":12},"end":{"line":19,"column":13}},"7":{"start":{"line":18,"column":16},"end":{"line":18,"column":45}},"8":{"start":{"line":20,"column":12},"end":{"line":22,"column":13}},"9":{"start":{"line":21,"column":16},"end":{"line":21,"column":44}},"10":{"start":{"line":23,"column":12},"end":{"line":25,"column":13}},"11":{"start":{"line":24,"column":16},"end":{"line":24,"column":46}},"12":{"start":{"line":27,"column":8},"end":{"line":27,"column":21}},"13":{"start":{"line":29,"column":8},"end":{"line":29,"column":58}},"14":{"start":{"line":30,"column":8},"end":{"line":30,"column":36}},"15":{"start":{"line":35,"column":4},"end":{"line":37,"column":5}},"16":{"start":{"line":36,"column":8},"end":{"line":36,"column":20}},"17":{"start":{"line":38,"column":4},"end":{"line":38,"column":17}},"18":{"start":{"line":42,"column":4},"end":{"line":44,"column":5}},"19":{"start":{"line":43,"column":8},"end":{"line":43,"column":20}},"20":{"start":{"line":45,"column":4},"end":{"line":45,"column":17}},"21":{"start":{"line":49,"column":4},"end":{"line":51,"column":5}},"22":{"start":{"line":50,"column":8},"end":{"line":50,"column":20}},"23":{"start":{"line":52,"column":4},"end":{"line":52,"column":17}},"24":{"start":{"line":56,"column":4},"end":{"line":58,"column":5}},"25":{"start":{"line":57,"column":8},"end":{"line":57,"column":20}},"26":{"start":{"line":59,"column":4},"end":{"line":59,"column":17}},"27":{"start":{"line":63,"column":4},"end":{"line":65,"column":5}},"28":{"start":{"line":64,"column":8},"end":{"line":64,"column":65}},"29":{"start":{"line":66,"column":4},"end":{"line":66,"column":85}},"30":{"start":{"line":67,"column":4},"end":{"line":69,"column":5}},"31":{"start":{"line":68,"column":8},"end":{"line":68,"column":69}},"32":{"start":{"line":71,"column":4},"end":{"line":77,"column":5}},"33":{"start":{"line":71,"column":17},"end":{"line":71,"column":18}},"34":{"start":{"line":72,"column":8},"end":{"line":76,"column":9}},"35":{"start":{"line":73,"column":12},"end":{"line":73,"column":69}},"36":{"start":{"line":75,"column":12},"end":{"line":75,"column":72}},"37":{"start":{"line":79,"column":4},"end":{"line":79,"column":19}},"38":{"start":{"line":83,"column":4},"end":{"line":94,"column":5}},"39":{"start":{"line":84,"column":8},"end":{"line":84,"column":42}},"40":{"start":{"line":86,"column":8},"end":{"line":88,"column":9}},"41":{"start":{"line":87,"column":12},"end":{"line":87,"column":65}},"42":{"start":{"line":89,"column":8},"end":{"line":89,"column":83}},"43":{"start":{"line":90,"column":8},"end":{"line":92,"column":9}},"44":{"start":{"line":91,"column":12},"end":{"line":91,"column":67}},"45":{"start":{"line":93,"column":8},"end":{"line":93,"column":97}}},"fnMap":{"0":{"name":"objectInArrayContainsId","decl":{"start":{"line":10,"column":16},"end":{"line":10,"column":39}},"loc":{"start":{"line":10,"column":47},"end":{"line":32,"column":1}},"line":10},"1":{"name":"isObject","decl":{"start":{"line":34,"column":16},"end":{"line":34,"column":24}},"loc":{"start":{"line":34,"column":30},"end":{"line":39,"column":1}},"line":34},"2":{"name":"isArray","decl":{"start":{"line":41,"column":16},"end":{"line":41,"column":23}},"loc":{"start":{"line":41,"column":31},"end":{"line":46,"column":1}},"line":41},"3":{"name":"isStringAndNotId","decl":{"start":{"line":48,"column":16},"end":{"line":48,"column":32}},"loc":{"start":{"line":48,"column":48},"end":{"line":53,"column":1}},"line":48},"4":{"name":"isString","decl":{"start":{"line":55,"column":16},"end":{"line":55,"column":24}},"loc":{"start":{"line":55,"column":30},"end":{"line":60,"column":1}},"line":55},"5":{"name":"validateArrays","decl":{"start":{"line":62,"column":9},"end":{"line":62,"column":23}},"loc":{"start":{"line":62,"column":33},"end":{"line":80,"column":1}},"line":62},"6":{"name":"initializeVariables","decl":{"start":{"line":82,"column":16},"end":{"line":82,"column":35}},"loc":{"start":{"line":82,"column":45},"end":{"line":97,"column":1}},"line":82}},"branchMap":{"0":{"loc":{"start":{"line":12,"column":8},"end":{"line":14,"column":9}},"type":"if","locations":[{"start":{"line":12,"column":8},"end":{"line":14,"column":9}},{"start":{"line":12,"column":8},"end":{"line":14,"column":9}}],"line":12},"1":{"loc":{"start":{"line":17,"column":12},"end":{"line":19,"column":13}},"type":"if","locations":[{"start":{"line":17,"column":12},"end":{"line":19,"column":13}},{"start":{"line":17,"column":12},"end":{"line":19,"column":13}}],"line":17},"2":{"loc":{"start":{"line":20,"column":12},"end":{"line":22,"column":13}},"type":"if","locations":[{"start":{"line":20,"column":12},"end":{"line":22,"column":13}},{"start":{"line":20,"column":12},"end":{"line":22,"column":13}}],"line":20},"3":{"loc":{"start":{"line":23,"column":12},"end":{"line":25,"column":13}},"type":"if","locations":[{"start":{"line":23,"column":12},"end":{"line":25,"column":13}},{"start":{"line":23,"column":12},"end":{"line":25,"column":13}}],"line":23},"4":{"loc":{"start":{"line":23,"column":16},"end":{"line":23,"column":72}},"type":"binary-expr","locations":[{"start":{"line":23,"column":16},"end":{"line":23,"column":42}},{"start":{"line":23,"column":46},"end":{"line":23,"column":72}}],"line":23},"5":{"loc":{"start":{"line":35,"column":4},"end":{"line":37,"column":5}},"type":"if","locations":[{"start":{"line":35,"column":4},"end":{"line":37,"column":5}},{"start":{"line":35,"column":4},"end":{"line":37,"column":5}}],"line":35},"6":{"loc":{"start":{"line":35,"column":8},"end":{"line":35,"column":53}},"type":"binary-expr","locations":[{"start":{"line":35,"column":8},"end":{"line":35,"column":30}},{"start":{"line":35,"column":34},"end":{"line":35,"column":53}}],"line":35},"7":{"loc":{"start":{"line":42,"column":4},"end":{"line":44,"column":5}},"type":"if","locations":[{"start":{"line":42,"column":4},"end":{"line":44,"column":5}},{"start":{"line":42,"column":4},"end":{"line":44,"column":5}}],"line":42},"8":{"loc":{"start":{"line":49,"column":4},"end":{"line":51,"column":5}},"type":"if","locations":[{"start":{"line":49,"column":4},"end":{"line":51,"column":5}},{"start":{"line":49,"column":4},"end":{"line":51,"column":5}}],"line":49},"9":{"loc":{"start":{"line":49,"column":8},"end":{"line":49,"column":79}},"type":"binary-expr","locations":[{"start":{"line":49,"column":8},"end":{"line":49,"column":32}},{"start":{"line":49,"column":36},"end":{"line":49,"column":79}}],"line":49},"10":{"loc":{"start":{"line":56,"column":4},"end":{"line":58,"column":5}},"type":"if","locations":[{"start":{"line":56,"column":4},"end":{"line":58,"column":5}},{"start":{"line":56,"column":4},"end":{"line":58,"column":5}}],"line":56},"11":{"loc":{"start":{"line":63,"column":4},"end":{"line":65,"column":5}},"type":"if","locations":[{"start":{"line":63,"column":4},"end":{"line":65,"column":5}},{"start":{"line":63,"column":4},"end":{"line":65,"column":5}}],"line":63},"12":{"loc":{"start":{"line":66,"column":25},"end":{"line":66,"column":84}},"type":"cond-expr","locations":[{"start":{"line":66,"column":61},"end":{"line":66,"column":63}},{"start":{"line":66,"column":66},"end":{"line":66,"column":84}}],"line":66},"13":{"loc":{"start":{"line":67,"column":4},"end":{"line":69,"column":5}},"type":"if","locations":[{"start":{"line":67,"column":4},"end":{"line":69,"column":5}},{"start":{"line":67,"column":4},"end":{"line":69,"column":5}}],"line":67},"14":{"loc":{"start":{"line":72,"column":8},"end":{"line":76,"column":9}},"type":"if","locations":[{"start":{"line":72,"column":8},"end":{"line":76,"column":9}},{"start":{"line":72,"column":8},"end":{"line":76,"column":9}}],"line":72},"15":{"loc":{"start":{"line":83,"column":4},"end":{"line":94,"column":5}},"type":"if","locations":[{"start":{"line":83,"column":4},"end":{"line":94,"column":5}},{"start":{"line":83,"column":4},"end":{"line":94,"column":5}}],"line":83},"16":{"loc":{"start":{"line":86,"column":8},"end":{"line":88,"column":9}},"type":"if","locations":[{"start":{"line":86,"column":8},"end":{"line":88,"column":9}},{"start":{"line":86,"column":8},"end":{"line":88,"column":9}}],"line":86},"17":{"loc":{"start":{"line":86,"column":12},"end":{"line":86,"column":63}},"type":"binary-expr","locations":[{"start":{"line":86,"column":12},"end":{"line":86,"column":26}},{"start":{"line":86,"column":30},"end":{"line":86,"column":63}}],"line":86},"18":{"loc":{"start":{"line":89,"column":25},"end":{"line":89,"column":82}},"type":"cond-expr","locations":[{"start":{"line":89,"column":61},"end":{"line":89,"column":75}},{"start":{"line":89,"column":78},"end":{"line":89,"column":82}}],"line":89},"19":{"loc":{"start":{"line":90,"column":8},"end":{"line":92,"column":9}},"type":"if","locations":[{"start":{"line":90,"column":8},"end":{"line":92,"column":9}},{"start":{"line":90,"column":8},"end":{"line":92,"column":9}}],"line":90},"20":{"loc":{"start":{"line":90,"column":12},"end":{"line":90,"column":67}},"type":"binary-expr","locations":[{"start":{"line":90,"column":12},"end":{"line":90,"column":28}},{"start":{"line":90,"column":32},"end":{"line":90,"column":67}}],"line":90},"21":{"loc":{"start":{"line":93,"column":27},"end":{"line":93,"column":96}},"type":"cond-expr","locations":[{"start":{"line":93,"column":72},"end":{"line":93,"column":73}},{"start":{"line":93,"column":76},"end":{"line":93,"column":96}}],"line":93},"22":{"loc":{"start":{"line":93,"column":27},"end":{"line":93,"column":69}},"type":"binary-expr","locations":[{"start":{"line":93,"column":27},"end":{"line":93,"column":48}},{"start":{"line":93,"column":52},"end":{"line":93,"column":69}}],"line":93}},"s":{"0":0,"1":0,"2":0,"3":0,"4":0,"5":0,"6":0,"7":0,"8":0,"9":0,"10":0,"11":0,"12":0,"13":0,"14":0,"15":125,"16":41,"17":84,"18":88,"19":72,"20":16,"21":60,"22":52,"23":8,"24":12,"25":10,"26":2,"27":0,"28":0,"29":0,"30":0,"31":0,"32":0,"33":0,"34":0,"35":0,"36":0,"37":0,"38":0,"39":0,"40":0,"41":0,"42":0,"43":0,"44":0,"45":0},"f":{"0":0,"1":125,"2":88,"3":60,"4":12,"5":0,"6":0},"b":{"0":[0,0],"1":[0,0],"2":[0,0],"3":[0,0],"4":[0,0],"5":[41,84],"6":[125,65],"7":[72,16],"8":[52,8],"9":[60,52],"10":[10,2],"11":[0,0],"12":[0,0],"13":[0,0],"14":[0,0],"15":[0,0],"16":[0,0],"17":[0,0],"18":[0,0],"19":[0,0],"20":[0,0],"21":[0,0],"22":[0,0]},"_coverageSchema":"1a1c01bbd47fc00a2c39e90264f33305004495a9","hash":"97bdd8d3bea7b99e0ba7a50bb204030151a97114"}
}
