TN:
SF:src\main\dataSet\create.js
FN:5,(anonymous_0)
FN:8,(anonymous_1)
FN:15,(anonymous_2)
FN:18,(anonymous_3)
FN:23,create
FN:25,(anonymous_5)
FNF:6
FNH:6
FNDA:37,(anonymous_0)
FNDA:8,(anonymous_1)
FNDA:9,(anonymous_2)
FNDA:4,(anonymous_3)
FNDA:8,create
FNDA:40,(anonymous_5)
DA:3,1
DA:6,37
DA:9,8
DA:13,1
DA:16,9
DA:19,4
DA:24,8
DA:25,8
DA:26,40
DA:28,8
DA:29,8
DA:30,8
LF:12
LH:12
BRDA:19,0,0,3
BRDA:19,0,1,1
BRF:2
BRH:2
end_of_record
TN:
SF:src\main\dataSet\getValuesFromTypes.js
FN:7,getContentFromArray
FN:8,(anonymous_1)
FN:13,(anonymous_2)
FN:18,(anonymous_3)
FN:19,(anonymous_4)
FN:30,getContentFromObject
FN:33,(anonymous_6)
FN:34,(anonymous_7)
FN:54,getContentFromString
FNF:9
FNH:9
FNDA:24,getContentFromArray
FNDA:56,(anonymous_1)
FNDA:8,(anonymous_2)
FNDA:102,(anonymous_3)
FNDA:2732,(anonymous_4)
FNDA:16,getContentFromObject
FNDA:40,(anonymous_6)
FNDA:40,(anonymous_7)
FNDA:2761,getContentFromString
DA:8,24
DA:9,56
DA:10,4
DA:11,4
DA:12,52
DA:13,8
DA:14,8
DA:16,44
DA:18,44
DA:19,102
DA:20,2732
DA:21,2732
DA:26,24
DA:31,16
DA:32,16
DA:33,16
DA:34,40
DA:35,40
DA:36,4
DA:37,4
DA:39,36
DA:40,7
DA:41,7
DA:42,29
DA:43,15
DA:44,15
DA:50,16
DA:55,2761
DA:56,2761
DA:58,2744
DA:59,4
DA:60,2744
DA:62,17
DA:63,9
DA:64,8
DA:65,8
DA:67,17
DA:70,2761
LF:38
LH:38
BRDA:9,0,0,4
BRDA:9,0,1,52
BRDA:9,1,0,56
BRDA:9,1,1,48
BRDA:12,2,0,8
BRDA:12,2,1,44
BRDA:16,3,0,44
BRDA:16,3,1,0
BRDA:31,4,0,16
BRDA:31,4,1,0
BRDA:31,5,0,16
BRDA:31,5,1,16
BRDA:32,6,0,16
BRDA:32,6,1,0
BRDA:35,7,0,4
BRDA:35,7,1,36
BRDA:39,8,0,7
BRDA:39,8,1,29
BRDA:42,9,0,15
BRDA:42,9,1,14
BRDA:55,10,0,2761
BRDA:55,10,1,0
BRDA:55,11,0,2761
BRDA:55,11,1,2761
BRDA:56,12,0,2744
BRDA:56,12,1,17
BRDA:58,13,0,4
BRDA:58,13,1,2740
BRDA:58,14,0,2744
BRDA:58,14,1,2744
BRDA:62,15,0,9
BRDA:62,15,1,8
BRDA:64,16,0,8
BRDA:64,16,1,0
BRF:34
BRH:29
end_of_record
TN:
SF:src\main\dataSet\tags.js
FN:5,fillTags
FN:7,(anonymous_1)
FN:14,identifyTags
FN:15,(anonymous_3)
FN:25,(anonymous_4)
FNF:5
FNH:5
FNDA:12,fillTags
FNDA:17,(anonymous_1)
FNDA:8,identifyTags
FNDA:8,(anonymous_3)
FNDA:10,(anonymous_4)
DA:6,12
DA:7,12
DA:8,17
DA:9,12
DA:15,8
DA:16,8
DA:17,8
DA:19,4
DA:20,4
DA:22,4
DA:24,4
DA:25,4
DA:26,10
DA:29,4
DA:35,8
LF:15
LH:15
BRDA:8,0,0,12
BRDA:8,0,1,5
BRDA:8,1,0,17
BRDA:8,1,1,12
BRDA:16,2,0,8
BRDA:16,2,1,0
BRDA:17,3,0,4
BRDA:17,3,1,4
BRDA:19,4,0,4
BRDA:19,4,1,0
BRDA:24,5,0,4
BRDA:24,5,1,0
BRDA:26,6,0,8
BRDA:26,6,1,2
BRF:14
BRH:11
end_of_record
TN:
SF:src\main\dataSet\verifyAtribute.js
FN:5,insideMainAtributes
FN:17,mainAttributes
FN:18,(anonymous_2)
FNF:3
FNH:3
FNDA:36,insideMainAtributes
FNDA:40,mainAttributes
FNDA:40,(anonymous_2)
DA:6,36
DA:7,20
DA:9,14
DA:13,36
DA:18,40
DA:19,40
DA:20,4
DA:21,1
DA:22,1
DA:23,3
DA:24,1
DA:25,1
DA:26,2
DA:27,2
DA:30,36
DA:33,40
LF:16
LH:16
BRDA:6,0,0,20
BRDA:6,0,1,16
BRDA:6,1,0,36
BRDA:6,1,1,28
BRDA:7,2,0,14
BRDA:7,2,1,6
BRDA:19,3,0,4
BRDA:19,3,1,36
BRDA:20,4,0,1
BRDA:20,4,1,3
BRDA:23,5,0,1
BRDA:23,5,1,2
BRDA:26,6,0,2
BRDA:26,6,1,0
BRF:14
BRH:13
end_of_record
TN:
SF:src\utils\shared\errors\IdNotAllowed.error.js
FN:2,(anonymous_0)
FNF:1
FNH:0
FNDA:0,(anonymous_0)
DA:3,0
DA:5,0
DA:6,0
DA:9,0
DA:10,0
DA:11,0
DA:12,0
LF:7
LH:0
BRDA:2,0,0,0
BRDA:5,1,0,0
BRDA:5,1,1,0
BRF:3
BRH:0
end_of_record
TN:
SF:src\utils\shared\errors\IdNotFound.error.js
FN:2,(anonymous_0)
FNF:1
FNH:0
FNDA:0,(anonymous_0)
DA:3,0
DA:5,0
DA:6,0
DA:9,0
DA:10,0
DA:11,0
DA:12,0
LF:7
LH:0
BRDA:2,0,0,0
BRDA:5,1,0,0
BRDA:5,1,1,0
BRF:3
BRH:0
end_of_record
TN:
SF:src\utils\shared\errors\IsNotArray.error.js
FN:2,(anonymous_0)
FN:6,(anonymous_1)
FNF:2
FNH:0
FNDA:0,(anonymous_0)
FNDA:0,(anonymous_1)
DA:3,0
DA:4,0
DA:6,0
DA:7,0
DA:8,0
DA:10,0
DA:11,0
DA:12,0
DA:13,0
LF:9
LH:0
BRDA:2,0,0,0
BRDA:4,1,0,0
BRDA:4,1,1,0
BRDA:7,2,0,0
BRDA:7,2,1,0
BRF:5
BRH:0
end_of_record
TN:
SF:src\utils\shared\errors\IsNotNumber.error.js
FN:2,(anonymous_0)
FNF:1
FNH:0
FNDA:0,(anonymous_0)
DA:3,0
DA:5,0
DA:6,0
DA:8,0
DA:9,0
DA:10,0
DA:11,0
LF:7
LH:0
BRDA:2,0,0,0
BRDA:5,1,0,0
BRDA:5,1,1,0
BRF:3
BRH:0
end_of_record
TN:
SF:src\utils\shared\errors\IsNotObject.error.js
FN:2,(anonymous_0)
FNF:1
FNH:0
FNDA:0,(anonymous_0)
DA:3,0
DA:5,0
DA:6,0
DA:8,0
DA:9,0
DA:10,0
DA:11,0
LF:7
LH:0
BRDA:2,0,0,0
BRDA:5,1,0,0
BRDA:5,1,1,0
BRF:3
BRH:0
end_of_record
TN:
SF:src\utils\shared\errors\IsNotString.error.js
FN:2,(anonymous_0)
FNF:1
FNH:0
FNDA:0,(anonymous_0)
DA:3,0
DA:5,0
DA:6,0
DA:8,0
DA:9,0
DA:10,0
DA:11,0
LF:7
LH:0
BRDA:2,0,0,0
BRDA:5,1,0,0
BRDA:5,1,1,0
BRF:3
BRH:0
end_of_record
TN:
SF:src\utils\shared\errors\NotAllowedParameter.error.js
FN:2,(anonymous_0)
FN:16,description
FNF:2
FNH:0
FNDA:0,(anonymous_0)
FNDA:0,description
DA:3,0
DA:5,0
DA:6,0
DA:8,0
DA:9,0
DA:11,0
DA:12,0
DA:17,0
DA:18,0
DA:19,0
DA:21,0
DA:22,0
DA:25,0
DA:26,0
LF:14
LH:0
BRDA:5,0,0,0
BRDA:5,0,1,0
BRDA:18,1,0,0
BRDA:18,1,1,0
BRDA:18,2,0,0
BRDA:18,2,1,0
BRF:6
BRH:0
end_of_record
TN:
SF:src\utils\shared\functions\defaultFunctions.js
FN:11,treatString
FN:23,removeSpecialCharactersInString
FN:31,removeRedundancyFromStringArray
FN:33,(anonymous_3)
FN:42,similarStrings
FN:54,makeStringSingular
FN:60,sortArrayOfObject
FN:62,(anonymous_7)
FN:67,(anonymous_8)
FN:69,(anonymous_9)
FN:78,getCurrentTimeString
FN:84,verifyParam
FN:91,equalsParam
FN:93,(anonymous_13)
FN:103,hasAttrFilter
FN:110,hasAttr
FN:112,(anonymous_16)
FNF:17
FNH:7
FNDA:12,treatString
FNDA:12,removeSpecialCharactersInString
FNDA:12,removeRedundancyFromStringArray
FNDA:67,(anonymous_3)
FNDA:0,similarStrings
FNDA:0,makeStringSingular
FNDA:0,sortArrayOfObject
FNDA:0,(anonymous_7)
FNDA:0,(anonymous_8)
FNDA:0,(anonymous_9)
FNDA:0,getCurrentTimeString
FNDA:8,verifyParam
FNDA:2792,equalsParam
FNDA:2792,(anonymous_13)
FNDA:0,hasAttrFilter
FNDA:0,hasAttr
FNDA:0,(anonymous_16)
DA:5,1
DA:6,1
DA:12,12
DA:13,0
DA:15,12
DA:16,12
DA:17,12
DA:19,0
DA:24,12
DA:27,12
DA:32,12
DA:33,12
DA:34,67
DA:35,17
DA:38,12
DA:43,0
DA:44,0
DA:45,0
DA:46,0
DA:47,0
DA:50,0
DA:55,0
DA:56,0
DA:61,0
DA:62,0
DA:63,0
DA:66,0
DA:67,0
DA:69,0
DA:71,0
DA:73,0
DA:79,0
DA:80,0
DA:85,8
DA:86,8
DA:88,0
DA:92,2792
DA:93,2792
DA:94,2792
DA:95,8
DA:98,2792
DA:104,0
DA:106,0
DA:111,0
DA:112,0
DA:113,0
DA:114,0
DA:117,0
LF:48
LH:20
BRDA:12,0,0,0
BRDA:12,0,1,12
BRDA:12,1,0,12
BRDA:12,1,1,0
BRDA:16,2,0,12
BRDA:16,2,1,0
BRDA:34,3,0,17
BRDA:34,3,1,50
BRDA:34,4,0,67
BRDA:34,4,1,67
BRDA:46,5,0,0
BRDA:46,5,1,0
BRDA:66,6,0,0
BRDA:66,6,1,0
BRDA:67,7,0,0
BRDA:67,7,1,0
BRDA:69,8,0,0
BRDA:69,8,1,0
BRDA:85,9,0,8
BRDA:85,9,1,0
BRDA:85,10,0,8
BRDA:85,10,1,0
BRDA:94,11,0,8
BRDA:94,11,1,2784
BRDA:104,12,0,0
BRDA:104,12,1,0
BRDA:113,13,0,0
BRDA:113,13,1,0
BRF:28
BRH:11
end_of_record
TN:
SF:src\utils\shared\functions\validateTypes.js
FN:10,objectInArrayContainsId
FN:34,isObject
FN:41,isArray
FN:48,isStringAndNotId
FN:55,isString
FN:62,validateArrays
FN:82,initializeVariables
FNF:7
FNH:4
FNDA:0,objectInArrayContainsId
FNDA:125,isObject
FNDA:88,isArray
FNDA:60,isStringAndNotId
FNDA:12,isString
FNDA:0,validateArrays
FNDA:0,initializeVariables
DA:11,0
DA:12,0
DA:13,0
DA:15,0
DA:16,0
DA:17,0
DA:18,0
DA:20,0
DA:21,0
DA:23,0
DA:24,0
DA:27,0
DA:29,0
DA:30,0
DA:35,125
DA:36,41
DA:38,84
DA:42,88
DA:43,72
DA:45,16
DA:49,60
DA:50,52
DA:52,8
DA:56,12
DA:57,10
DA:59,2
DA:63,0
DA:64,0
DA:66,0
DA:67,0
DA:68,0
DA:71,0
DA:72,0
DA:73,0
DA:75,0
DA:79,0
DA:83,0
DA:84,0
DA:86,0
DA:87,0
DA:89,0
DA:90,0
DA:91,0
DA:93,0
LF:44
LH:12
BRDA:12,0,0,0
BRDA:12,0,1,0
BRDA:17,1,0,0
BRDA:17,1,1,0
BRDA:20,2,0,0
BRDA:20,2,1,0
BRDA:23,3,0,0
BRDA:23,3,1,0
BRDA:23,4,0,0
BRDA:23,4,1,0
BRDA:35,5,0,41
BRDA:35,5,1,84
BRDA:35,6,0,125
BRDA:35,6,1,65
BRDA:42,7,0,72
BRDA:42,7,1,16
BRDA:49,8,0,52
BRDA:49,8,1,8
BRDA:49,9,0,60
BRDA:49,9,1,52
BRDA:56,10,0,10
BRDA:56,10,1,2
BRDA:63,11,0,0
BRDA:63,11,1,0
BRDA:66,12,0,0
BRDA:66,12,1,0
BRDA:67,13,0,0
BRDA:67,13,1,0
BRDA:72,14,0,0
BRDA:72,14,1,0
BRDA:83,15,0,0
BRDA:83,15,1,0
BRDA:86,16,0,0
BRDA:86,16,1,0
BRDA:86,17,0,0
BRDA:86,17,1,0
BRDA:89,18,0,0
BRDA:89,18,1,0
BRDA:90,19,0,0
BRDA:90,19,1,0
BRDA:90,20,0,0
BRDA:90,20,1,0
BRDA:93,21,0,0
BRDA:93,21,1,0
BRDA:93,22,0,0
BRDA:93,22,1,0
BRF:46
BRH:12
end_of_record
